<?xml version="1.0" encoding="UTF-8"?>
<!-- Generated by org.testng.reporters.JUnitReportReporter -->
<testsuite skipped="0" hostname="DESKTOP-GS5ECRN" name="com.TestCases.RedBus_TC_001" tests="1" failures="0" timestamp="20 Aug 2020 10:58:45 GMT" time="2.890" errors="0">
  <testcase name="bookABus" time="2.890" classname="com.TestCases.RedBus_TC_001"/>
</testsuite> <!-- com.TestCases.RedBus_TC_001 -->
